# JRE version: OpenJDK Runtime Environment (8.0_152-b06) (build 1.8.0_152-release-1136-b06)
# Java VM: OpenJDK 64-Bit Server VM (25.152-b06 mixed mode windows-amd64 compressed oops)
Heap:
 PSYoungGen      total 246784K, used 117538K [0x00000000e0000000, 0x00000000f3600000, 0x0000000100000000)
  eden space 194560K, 40% used [0x00000000e0000000,0x00000000e4d33990,0x00000000ebe00000)
  from space 52224K, 73% used [0x00000000ebe00000,0x00000000ee395028,0x00000000ef100000)
  to   space 45568K, 0% used [0x00000000ef100000,0x00000000ef100000,0x00000000f1d80000)
 ParOldGen       total 206336K, used 49479K [0x00000000a0000000, 0x00000000ac980000, 0x00000000e0000000)
  object space 206336K, 23% used [0x00000000a0000000,0x00000000a3051fe8,0x00000000ac980000)
 Metaspace       used 103052K, capacity 107648K, committed 108032K, reserved 1142784K
  class space    used 12780K, capacity 13760K, committed 13824K, reserved 1048576K
GC Heap History (10 events):
Event: 3322.133 GC heap before
{Heap before GC invocations=45 (full 4):
 PSYoungGen      total 248320K, used 233290K [0x00000000e0000000, 0x00000000f2b00000, 0x0000000100000000)
  eden space 198656K, 100% used [0x00000000e0000000,0x00000000ec200000,0x00000000ec200000)
  from space 49664K, 69% used [0x00000000ef600000,0x00000000f17d28e8,0x00000000f2680000)
  to   space 53248K, 0% used [0x00000000ec200000,0x00000000ec200000,0x00000000ef600000)
 ParOldGen       total 206336K, used 48954K [0x00000000a0000000, 0x00000000ac980000, 0x00000000e0000000)
  object space 206336K, 23% used [0x00000000a0000000,0x00000000a2fce830,0x00000000ac980000)
 Metaspace       used 87781K, capacity 92132K, committed 92288K, reserved 1130496K
  class space    used 10915K, capacity 11815K, committed 11904K, reserved 1048576K
Event: 3322.157 GC heap after
Heap after GC invocations=45 (full 4):
 PSYoungGen      total 251904K, used 18596K [0x00000000e0000000, 0x00000000f2e80000, 0x0000000100000000)
  eden space 198656K, 0% used [0x00000000e0000000,0x00000000e0000000,0x00000000ec200000)
  from space 53248K, 34% used [0x00000000ec200000,0x00000000ed4293c0,0x00000000ef600000)
  to   space 50688K, 0% used [0x00000000efd00000,0x00000000efd00000,0x00000000f2e80000)
 ParOldGen       total 206336K, used 48962K [0x00000000a0000000, 0x00000000ac980000, 0x00000000e0000000)
  object space 206336K, 23% used [0x00000000a0000000,0x00000000a2fd0830,0x00000000ac980000)
 Metaspace       used 87781K, capacity 92132K, committed 92288K, reserved 1130496K
  class space    used 10915K, capacity 11815K, committed 11904K, reserved 1048576K
}
Event: 3337.716 GC heap before
{Heap before GC invocations=46 (full 4):
 PSYoungGen      total 251904K, used 217252K [0x00000000e0000000, 0x00000000f2e80000, 0x0000000100000000)
  eden space 198656K, 100% used [0x00000000e0000000,0x00000000ec200000,0x00000000ec200000)
  from space 53248K, 34% used [0x00000000ec200000,0x00000000ed4293c0,0x00000000ef600000)
  to   space 50688K, 0% used [0x00000000efd00000,0x00000000efd00000,0x00000000f2e80000)
 ParOldGen       total 206336K, used 48962K [0x00000000a0000000, 0x00000000ac980000, 0x00000000e0000000)
  object space 206336K, 23% used [0x00000000a0000000,0x00000000a2fd0830,0x00000000ac980000)
 Metaspace       used 91675K, capacity 96102K, committed 96256K, reserved 1132544K
  class space    used 11375K, capacity 12274K, committed 12288K, reserved 1048576K
Event: 3337.732 GC heap after
Heap after GC invocations=46 (full 4):
 PSYoungGen      total 250880K, used 13704K [0x00000000e0000000, 0x00000000f2780000, 0x0000000100000000)
  eden space 207360K, 0% used [0x00000000e0000000,0x00000000e0000000,0x00000000eca80000)
  from space 43520K, 31% used [0x00000000efd00000,0x00000000f0a62168,0x00000000f2780000)
  to   space 47616K, 0% used [0x00000000eca80000,0x00000000eca80000,0x00000000ef900000)
 ParOldGen       total 206336K, used 48970K [0x00000000a0000000, 0x00000000ac980000, 0x00000000e0000000)
  object space 206336K, 23% used [0x00000000a0000000,0x00000000a2fd2830,0x00000000ac980000)
 Metaspace       used 91675K, capacity 96102K, committed 96256K, reserved 1132544K
  class space    used 11375K, capacity 12274K, committed 12288K, reserved 1048576K
}
Event: 3516.001 GC heap before
{Heap before GC invocations=47 (full 4):
 PSYoungGen      total 250880K, used 221064K [0x00000000e0000000, 0x00000000f2780000, 0x0000000100000000)
  eden space 207360K, 100% used [0x00000000e0000000,0x00000000eca80000,0x00000000eca80000)
  from space 43520K, 31% used [0x00000000efd00000,0x00000000f0a62168,0x00000000f2780000)
  to   space 47616K, 0% used [0x00000000eca80000,0x00000000eca80000,0x00000000ef900000)
 ParOldGen       total 206336K, used 48970K [0x00000000a0000000, 0x00000000ac980000, 0x00000000e0000000)
  object space 206336K, 23% used [0x00000000a0000000,0x00000000a2fd2830,0x00000000ac980000)
 Metaspace       used 97651K, capacity 102080K, committed 102400K, reserved 1138688K
  class space    used 12018K, capacity 12941K, committed 13056K, reserved 1048576K
Event: 3516.023 GC heap after
Heap after GC invocations=47 (full 4):
 PSYoungGen      total 220160K, used 18756K [0x00000000e0000000, 0x00000000f1d80000, 0x0000000100000000)
  eden space 201216K, 0% used [0x00000000e0000000,0x00000000e0000000,0x00000000ec480000)
  from space 18944K, 99% used [0x00000000eca80000,0x00000000edcd1138,0x00000000edd00000)
  to   space 45568K, 0% used [0x00000000ef100000,0x00000000ef100000,0x00000000f1d80000)
 ParOldGen       total 206336K, used 49327K [0x00000000a0000000, 0x00000000ac980000, 0x00000000e0000000)
  object space 206336K, 23% used [0x00000000a0000000,0x00000000a302bfe8,0x00000000ac980000)
 Metaspace       used 97651K, capacity 102080K, committed 102400K, reserved 1138688K
  class space    used 12018K, capacity 12941K, committed 13056K, reserved 1048576K
}
Event: 3526.154 GC heap before
{Heap before GC invocations=48 (full 4):
 PSYoungGen      total 220160K, used 219972K [0x00000000e0000000, 0x00000000f1d80000, 0x0000000100000000)
  eden space 201216K, 100% used [0x00000000e0000000,0x00000000ec480000,0x00000000ec480000)
  from space 18944K, 99% used [0x00000000eca80000,0x00000000edcd1138,0x00000000edd00000)
  to   space 45568K, 0% used [0x00000000ef100000,0x00000000ef100000,0x00000000f1d80000)
 ParOldGen       total 206336K, used 49327K [0x00000000a0000000, 0x00000000ac980000, 0x00000000e0000000)
  object space 206336K, 23% used [0x00000000a0000000,0x00000000a302bfe8,0x00000000ac980000)
 Metaspace       used 103052K, capacity 107648K, committed 108032K, reserved 1142784K
  class space    used 12780K, capacity 13760K, committed 13824K, reserved 1048576K
Event: 3526.231 GC heap after
Heap after GC invocations=48 (full 4):
 PSYoungGen      total 240128K, used 43308K [0x00000000e0000000, 0x00000000f3600000, 0x0000000100000000)
  eden space 194560K, 0% used [0x00000000e0000000,0x00000000e0000000,0x00000000ebe00000)
  from space 45568K, 95% used [0x00000000ef100000,0x00000000f1b4b240,0x00000000f1d80000)
  to   space 52224K, 0% used [0x00000000ebe00000,0x00000000ebe00000,0x00000000ef100000)
 ParOldGen       total 206336K, used 49407K [0x00000000a0000000, 0x00000000ac980000, 0x00000000e0000000)
  object space 206336K, 23% used [0x00000000a0000000,0x00000000a303ffe8,0x00000000ac980000)
 Metaspace       used 103052K, capacity 107648K, committed 108032K, reserved 1142784K
  class space    used 12780K, capacity 13760K, committed 13824K, reserved 1048576K
}
Event: 3527.852 GC heap before
{Heap before GC invocations=49 (full 4):
 PSYoungGen      total 240128K, used 237868K [0x00000000e0000000, 0x00000000f3600000, 0x0000000100000000)
  eden space 194560K, 100% used [0x00000000e0000000,0x00000000ebe00000,0x00000000ebe00000)
  from space 45568K, 95% used [0x00000000ef100000,0x00000000f1b4b240,0x00000000f1d80000)
  to   space 52224K, 0% used [0x00000000ebe00000,0x00000000ebe00000,0x00000000ef100000)
 ParOldGen       total 206336K, used 49407K [0x00000000a0000000, 0x00000000ac980000, 0x00000000e0000000)
  object space 206336K, 23% used [0x00000000a0000000,0x00000000a303ffe8,0x00000000ac980000)
 Metaspace       used 103052K, capacity 107648K, committed 108032K, reserved 1142784K
  class space    used 12780K, capacity 13760K, committed 13824K, reserved 1048576K
Event: 3527.885 GC heap after
Heap after GC invocations=49 (full 4):
 PSYoungGen      total 246784K, used 38484K [0x00000000e0000000, 0x00000000f3600000, 0x0000000100000000)
  eden space 194560K, 0% used [0x00000000e0000000,0x00000000e0000000,0x00000000ebe00000)
  from space 52224K, 73% used [0x00000000ebe00000,0x00000000ee395028,0x00000000ef100000)
  to   space 45568K, 0% used [0x00000000ef100000,0x00000000ef100000,0x00000000f1d80000)
 ParOldGen       total 206336K, used 49479K [0x00000000a0000000, 0x00000000ac980000, 0x00000000e0000000)
  object space 206336K, 23% used [0x00000000a0000000,0x00000000a3051fe8,0x00000000ac980000)
 Metaspace       used 103052K, capacity 107648K, committed 108032K, reserved 1142784K
  class space    used 12780K, capacity 13760K, committed 13824K, reserved 1048576K
}

